[INFO] Scanning for projects...
[INFO] 
[INFO] ---------------------< com.qaliye:qaliye-backend >----------------------
[INFO] Building  0.0.1-SNAPSHOT
[INFO]   from pom.xml
[INFO] --------------------------------[ jar ]---------------------------------
[INFO] 
[INFO] --- dependency:3.10.0:tree (default-cli) @ qaliye-backend ---
[INFO] com.qaliye:qaliye-backend:jar:0.0.1-SNAPSHOT
[INFO] +- org.springframework.boot:spring-boot-starter-actuator:jar:4.1.0:compile
[INFO] |  +- org.springframework.boot:spring-boot-starter:jar:4.1.0:compile
[INFO] |  |  +- org.springframework.boot:spring-boot-starter-logging:jar:4.1.0:compile
[INFO] |  |  |  +- ch.qos.logback:logback-classic:jar:1.5.34:compile
[INFO] |  |  |  |  \- ch.qos.logback:logback-core:jar:1.5.34:compile
[INFO] |  |  |  +- org.apache.logging.log4j:log4j-to-slf4j:jar:2.25.4:compile
[INFO] |  |  |  |  \- org.apache.logging.log4j:log4j-api:jar:2.25.4:compile
[INFO] |  |  |  \- org.slf4j:jul-to-slf4j:jar:2.0.18:compile
[INFO] |  |  +- jakarta.annotation:jakarta.annotation-api:jar:3.0.0:compile
[INFO] |  |  \- org.yaml:snakeyaml:jar:2.6:compile
[INFO] |  +- org.springframework.boot:spring-boot-starter-micrometer-metrics:jar:4.1.0:compile
[INFO] |  |  \- org.springframework.boot:spring-boot-micrometer-metrics:jar:4.1.0:compile
[INFO] |  |     \- org.springframework.boot:spring-boot-micrometer-observation:jar:4.1.0:compile
[INFO] |  +- org.springframework.boot:spring-boot-actuator-autoconfigure:jar:4.1.0:compile
[INFO] |  |  \- org.springframework.boot:spring-boot-actuator:jar:4.1.0:compile
[INFO] |  +- org.springframework.boot:spring-boot-health:jar:4.1.0:compile
[INFO] |  +- io.micrometer:micrometer-observation:jar:1.17.0:compile
[INFO] |  |  \- io.micrometer:micrometer-commons:jar:1.17.0:compile
[INFO] |  \- io.micrometer:micrometer-jakarta9:jar:1.17.0:compile
[INFO] |     \- io.micrometer:micrometer-core:jar:1.17.0:compile
[INFO] |        \- org.hdrhistogram:HdrHistogram:jar:2.2.2:runtime
[INFO] +- org.springframework.boot:spring-boot-starter-data-jpa:jar:4.1.0:compile
[INFO] |  +- org.springframework.boot:spring-boot-starter-jdbc:jar:4.1.0:compile
[INFO] |  |  \- com.zaxxer:HikariCP:jar:7.0.2:compile
[INFO] |  +- org.springframework.boot:spring-boot-data-jpa:jar:4.1.0:compile
[INFO] |  |  +- org.springframework.boot:spring-boot-data-commons:jar:4.1.0:compile
[INFO] |  |  |  +- org.springframework.boot:spring-boot-persistence:jar:4.1.0:compile
[INFO] |  |  |  \- org.springframework.data:spring-data-commons:jar:4.1.0:compile
[INFO] |  |  +- org.springframework.boot:spring-boot-hibernate:jar:4.1.0:compile
[INFO] |  |  |  +- org.springframework.boot:spring-boot-jpa:jar:4.1.0:compile
[INFO] |  |  |  |  \- jakarta.persistence:jakarta.persistence-api:jar:3.2.0:compile
[INFO] |  |  |  +- org.hibernate.orm:hibernate-core:jar:7.4.1.Final:compile
[INFO] |  |  |  |  +- jakarta.transaction:jakarta.transaction-api:jar:2.0.1:compile
[INFO] |  |  |  |  +- org.hibernate.models:hibernate-models:jar:1.1.1:runtime
[INFO] |  |  |  |  +- org.glassfish.jaxb:jaxb-runtime:jar:4.0.9:runtime
[INFO] |  |  |  |  |  \- org.glassfish.jaxb:jaxb-core:jar:4.0.9:runtime
[INFO] |  |  |  |  |     +- org.eclipse.angus:angus-activation:jar:2.0.3:runtime
[INFO] |  |  |  |  |     +- org.glassfish.jaxb:txw2:jar:4.0.9:runtime
[INFO] |  |  |  |  |     \- com.sun.istack:istack-commons-runtime:jar:4.1.2:runtime
[INFO] |  |  |  |  \- jakarta.inject:jakarta.inject-api:jar:2.0.1:runtime
[INFO] |  |  |  \- org.springframework:spring-orm:jar:7.0.8:compile
[INFO] |  |  +- org.springframework.data:spring-data-jpa:jar:4.1.0:compile
[INFO] |  |  |  +- org.springframework:spring-tx:jar:7.0.8:compile
[INFO] |  |  |  \- org.antlr:antlr4-runtime:jar:4.13.2:compile
[INFO] |  |  \- org.springframework:spring-aspects:jar:7.0.8:compile
[INFO] |  |     \- org.aspectj:aspectjweaver:jar:1.9.25.1:compile
[INFO] |  \- org.springframework.boot:spring-boot-jdbc:jar:4.1.0:compile
[INFO] |     +- org.springframework.boot:spring-boot-sql:jar:4.1.0:compile
[INFO] |     +- org.springframework.boot:spring-boot-transaction:jar:4.1.0:compile
[INFO] |     \- org.springframework:spring-jdbc:jar:7.0.8:compile
[INFO] +- org.springframework.boot:spring-boot-starter-flyway:jar:4.1.0:compile
[INFO] |  \- org.springframework.boot:spring-boot-flyway:jar:4.1.0:compile
[INFO] +- org.springframework.boot:spring-boot-starter-security-oauth2-resource-server:jar:4.1.0:compile
[INFO] |  \- org.springframework.boot:spring-boot-starter-security:jar:4.1.0:compile
[INFO] |     \- org.springframework:spring-aop:jar:7.0.8:compile
[INFO] +- org.springframework.boot:spring-boot-starter-validation:jar:4.1.0:compile
[INFO] |  \- org.springframework.boot:spring-boot-validation:jar:4.1.0:compile
[INFO] |     +- org.apache.tomcat.embed:tomcat-embed-el:jar:11.0.22:compile
[INFO] |     \- org.hibernate.validator:hibernate-validator:jar:9.1.0.Final:compile
[INFO] |        +- jakarta.validation:jakarta.validation-api:jar:3.1.1:compile
[INFO] |        +- org.jboss.logging:jboss-logging:jar:3.6.3.Final:compile
[INFO] |        \- com.fasterxml:classmate:jar:1.7.3:compile
[INFO] +- org.springframework.boot:spring-boot-starter-webmvc:jar:4.1.0:compile
[INFO] |  +- org.springframework.boot:spring-boot-starter-tomcat:jar:4.1.0:compile
[INFO] |  |  +- org.springframework.boot:spring-boot-starter-tomcat-runtime:jar:4.1.0:compile
[INFO] |  |  |  +- org.apache.tomcat.embed:tomcat-embed-core:jar:11.0.22:compile
[INFO] |  |  |  \- org.apache.tomcat.embed:tomcat-embed-websocket:jar:11.0.22:compile
[INFO] |  |  \- org.springframework.boot:spring-boot-tomcat:jar:4.1.0:compile
[INFO] |  +- org.springframework.boot:spring-boot-http-converter:jar:4.1.0:compile
[INFO] |  |  \- org.springframework:spring-web:jar:7.0.8:compile
[INFO] |  \- org.springframework.boot:spring-boot-webmvc:jar:4.1.0:compile
[INFO] |     +- org.springframework.boot:spring-boot-servlet:jar:4.1.0:compile
[INFO] |     \- org.springframework:spring-webmvc:jar:7.0.8:compile
[INFO] +- org.flywaydb:flyway-database-postgresql:jar:12.4.0:compile
[INFO] |  \- org.flywaydb:flyway-core:jar:12.4.0:compile
[INFO] |     \- tools.jackson.core:jackson-databind:jar:3.1.4:compile
[INFO] |        \- tools.jackson.core:jackson-core:jar:3.1.4:compile
[INFO] +- org.springframework.boot:spring-boot-devtools:jar:4.1.0:runtime (optional)
[INFO] |  +- org.springframework.boot:spring-boot:jar:4.1.0:compile
[INFO] |  |  \- org.springframework:spring-context:jar:7.0.8:compile
[INFO] |  \- org.springframework.boot:spring-boot-autoconfigure:jar:4.1.0:compile
[INFO] +- org.postgresql:postgresql:jar:42.7.11:compile
[INFO] +- org.projectlombok:lombok:jar:1.18.46:compile (optional)
[INFO] +- org.springframework.boot:spring-boot-starter-quartz:jar:4.1.0:compile
[INFO] |  \- org.springframework.boot:spring-boot-quartz:jar:4.1.0:compile
[INFO] |     +- org.quartz-scheduler:quartz:jar:2.5.2:compile
[INFO] |     \- org.springframework:spring-context-support:jar:7.0.8:compile
[INFO] +- org.springframework.boot:spring-boot-starter-cache:jar:4.1.0:compile
[INFO] |  \- org.springframework.boot:spring-boot-cache:jar:4.1.0:compile
[INFO] +- org.springframework.boot:spring-boot-starter-jackson:jar:4.1.0:compile
[INFO] |  \- org.springframework.boot:spring-boot-jackson:jar:4.1.0:compile
[INFO] +- com.fasterxml.jackson.core:jackson-databind:jar:2.21.4:compile
[INFO] |  +- com.fasterxml.jackson.core:jackson-annotations:jar:2.21:compile
[INFO] |  \- com.fasterxml.jackson.core:jackson-core:jar:2.21.4:compile
[INFO] +- com.github.ben-manes.caffeine:caffeine:jar:3.2.4:compile
[INFO] |  +- org.jspecify:jspecify:jar:1.0.0:compile
[INFO] |  \- com.google.errorprone:error_prone_annotations:jar:2.49.0:compile
[INFO] +- org.springframework.boot:spring-boot-starter-test:jar:4.1.0:test
[INFO] |  +- org.springframework.boot:spring-boot-test:jar:4.1.0:test
[INFO] |  +- org.springframework.boot:spring-boot-test-autoconfigure:jar:4.1.0:test
[INFO] |  +- com.jayway.jsonpath:json-path:jar:2.10.0:test
[INFO] |  |  \- org.slf4j:slf4j-api:jar:2.0.18:compile
[INFO] |  +- jakarta.xml.bind:jakarta.xml.bind-api:jar:4.0.5:runtime
[INFO] |  |  \- jakarta.activation:jakarta.activation-api:jar:2.1.4:runtime
[INFO] |  +- net.minidev:json-smart:jar:2.6.0:test
[INFO] |  |  \- net.minidev:accessors-smart:jar:2.6.0:test
[INFO] |  |     \- org.ow2.asm:asm:jar:9.7.1:test
[INFO] |  +- org.assertj:assertj-core:jar:3.27.7:test
[INFO] |  |  \- net.bytebuddy:byte-buddy:jar:1.18.10:runtime
[INFO] |  +- org.awaitility:awaitility:jar:4.3.0:test
[INFO] |  +- org.hamcrest:hamcrest:jar:3.0:test
[INFO] |  +- org.junit.jupiter:junit-jupiter:jar:6.0.3:test
[INFO] |  |  +- org.junit.jupiter:junit-jupiter-api:jar:6.0.3:test
[INFO] |  |  |  +- org.opentest4j:opentest4j:jar:1.3.0:test
[INFO] |  |  |  +- org.junit.platform:junit-platform-commons:jar:6.0.3:test
[INFO] |  |  |  \- org.apiguardian:apiguardian-api:jar:1.1.2:test
[INFO] |  |  +- org.junit.jupiter:junit-jupiter-params:jar:6.0.3:test
[INFO] |  |  \- org.junit.jupiter:junit-jupiter-engine:jar:6.0.3:test
[INFO] |  |     \- org.junit.platform:junit-platform-engine:jar:6.0.3:test
[INFO] |  +- org.mockito:mockito-core:jar:5.23.0:test
[INFO] |  |  +- net.bytebuddy:byte-buddy-agent:jar:1.18.10:test
[INFO] |  |  \- org.objenesis:objenesis:jar:3.3:test
[INFO] |  +- org.mockito:mockito-junit-jupiter:jar:5.23.0:test
[INFO] |  +- org.skyscreamer:jsonassert:jar:1.5.3:test
[INFO] |  |  \- com.vaadin.external.google:android-json:jar:0.0.20131108.vaadin1:test
[INFO] |  +- org.springframework:spring-core:jar:7.0.8:compile
[INFO] |  |  \- commons-logging:commons-logging:jar:1.3.6:compile
[INFO] |  +- org.springframework:spring-test:jar:7.0.8:test
[INFO] |  \- org.xmlunit:xmlunit-core:jar:2.11.0:test
[INFO] +- org.springframework.boot:spring-boot-webmvc-test:jar:4.1.0:test
[INFO] |  \- org.springframework.boot:spring-boot-web-server:jar:4.1.0:compile
[INFO] +- org.springframework.boot:spring-boot-security-oauth2-resource-server:jar:4.1.0:test
[INFO] |  +- org.springframework.security:spring-security-oauth2-jose:jar:7.1.0:test
[INFO] |  |  +- org.springframework.security:spring-security-oauth2-core:jar:7.1.0:test
[INFO] |  |  \- com.nimbusds:nimbus-jose-jwt:jar:10.9:test
[INFO] |  +- org.springframework.security:spring-security-oauth2-resource-server:jar:7.1.0:test
[INFO] |  \- org.springframework.boot:spring-boot-security:jar:4.1.0:compile
[INFO] |     \- org.springframework.security:spring-security-config:jar:7.1.0:compile
[INFO] +- org.springframework.security:spring-security-test:jar:7.1.0:test
[INFO] |  +- org.springframework.security:spring-security-core:jar:7.1.0:compile
[INFO] |  |  +- org.springframework.security:spring-security-crypto:jar:7.1.0:compile
[INFO] |  |  +- org.springframework:spring-beans:jar:7.0.8:compile
[INFO] |  |  \- org.springframework:spring-expression:jar:7.0.8:compile
[INFO] |  \- org.springframework.security:spring-security-web:jar:7.1.0:compile
[INFO] +- org.testcontainers:junit-jupiter:jar:1.20.2:test
[INFO] |  \- org.testcontainers:testcontainers:jar:1.20.2:test
[INFO] |     +- junit:junit:jar:4.13.2:test
[INFO] |     |  \- org.hamcrest:hamcrest-core:jar:3.0:test
[INFO] |     +- org.apache.commons:commons-compress:jar:1.24.0:test
[INFO] |     +- org.rnorth.duct-tape:duct-tape:jar:1.0.8:test
[INFO] |     |  \- org.jetbrains:annotations:jar:17.0.0:test
[INFO] |     +- com.github.docker-java:docker-java-api:jar:3.4.0:test
[INFO] |     \- com.github.docker-java:docker-java-transport-zerodep:jar:3.4.0:test
[INFO] |        +- com.github.docker-java:docker-java-transport:jar:3.4.0:test
[INFO] |        \- net.java.dev.jna:jna:jar:5.13.0:test
[INFO] \- org.testcontainers:postgresql:jar:1.20.2:test
[INFO]    \- org.testcontainers:jdbc:jar:1.20.2:test
[INFO]       \- org.testcontainers:database-commons:jar:1.20.2:test
[INFO] ------------------------------------------------------------------------
[INFO] BUILD SUCCESS
[INFO] ------------------------------------------------------------------------
[INFO] Total time:  5.604 s
[INFO] Finished at: 2026-06-27T14:28:14+01:00
[INFO] ------------------------------------------------------------------------
